[INFO] Scanning for projects...
[INFO] ------------------------------------------------------------------------
[INFO] Reactor Build Order:
[INFO] 
[INFO] FALABELLA___MIDDLEWARE Codes Master
[INFO] FALABELLA___MIDDLEWARE Routines
[INFO] FALABELLA___MIDDLEWARE ActualizarEventoSKU_Hijo (Job Designs)
[INFO] FALABELLA___MIDDLEWARE ActualizarEventoSKU_Padre (Job Designs)
[INFO] 
[INFO] Using the builder org.apache.maven.lifecycle.internal.builder.singlethreaded.SingleThreadedBuilder with a thread count of 1
[INFO]                                                                         
[INFO] ------------------------------------------------------------------------
[INFO] Building FALABELLA___MIDDLEWARE Codes Master 6.5.1
[INFO] ------------------------------------------------------------------------
[INFO]                                                                         
[INFO] ------------------------------------------------------------------------
[INFO] Building FALABELLA___MIDDLEWARE Routines 6.5.1
[INFO] ------------------------------------------------------------------------
[INFO] 
[INFO] --- maven-resources-plugin:2.7:resources (default-resources) @ routines ---
[INFO] Using 'UTF-8' encoding to copy filtered resources.
[INFO] Copying 51 resources
[INFO] 
[INFO] --- maven-compiler-plugin:2.5.1:compile (default-compile) @ routines ---
[INFO] Nothing to compile - all classes are up to date
[INFO] 
[INFO] --- maven-resources-plugin:2.7:testResources (default-testResources) @ routines ---
[INFO] Using 'UTF-8' encoding to copy filtered resources.
[INFO] Copying 0 resource
[INFO] 
[INFO] --- maven-compiler-plugin:2.5.1:testCompile (default-testCompile) @ routines ---
[INFO] Nothing to compile - all classes are up to date
[INFO] 
[INFO] --- maven-surefire-plugin:2.12.4:test (default-test) @ routines ---
[INFO] Tests are skipped.
[INFO] 
[INFO] --- maven-jar-plugin:2.6:jar (default-jar) @ routines ---
[INFO] Building jar: C:\BackSpace\Programas\TOS_DI-20180116_1512-V6.5.1\workspace\.Java\target\routines-6.5.1.jar
[INFO]                                                                         
[INFO] ------------------------------------------------------------------------
[INFO] Building FALABELLA___MIDDLEWARE ActualizarEventoSKU_Hijo (Job Designs) 0.3.0
[INFO] ------------------------------------------------------------------------
[INFO] 
[INFO] --- maven-resources-plugin:2.7:resources (default-resources) @ ActualizarEventoSKU_Hijo ---
[INFO] Using 'UTF-8' encoding to copy filtered resources.
[INFO] Copying 0 resource
[INFO] 
[INFO] --- maven-compiler-plugin:2.5.1:compile (default-compile) @ ActualizarEventoSKU_Hijo ---
[INFO] Nothing to compile - all classes are up to date
[INFO] 
[INFO] --- maven-resources-plugin:2.7:copy-resources (copy-running-resources) @ ActualizarEventoSKU_Hijo ---
[INFO] Using 'UTF-8' encoding to copy filtered resources.
[INFO] Copying 3 resources
[INFO] skip non existing resourceDirectory C:\BackSpace\Programas\TOS_DI-20180116_1512-V6.5.1\workspace\.Java\src\main\resources\metadata\survivorship
[INFO] 
[INFO] --- maven-resources-plugin:2.7:testResources (default-testResources) @ ActualizarEventoSKU_Hijo ---
[INFO] Using 'UTF-8' encoding to copy filtered resources.
[INFO] Copying 0 resource
[INFO] 
[INFO] --- maven-compiler-plugin:2.5.1:testCompile (default-testCompile) @ ActualizarEventoSKU_Hijo ---
[INFO] Nothing to compile - all classes are up to date
[INFO] 
[INFO] --- maven-surefire-plugin:2.12.4:test (default-test) @ ActualizarEventoSKU_Hijo ---
[INFO] Tests are skipped.
[INFO] 
[INFO] --- maven-jar-plugin:2.6:jar (default-jar) @ ActualizarEventoSKU_Hijo ---
[INFO] Building jar: C:\BackSpace\Programas\TOS_DI-20180116_1512-V6.5.1\workspace\.Java\target\actualizareventosku_hijo_0_3.jar
[INFO]                                                                         
[INFO] ------------------------------------------------------------------------
[INFO] Building FALABELLA___MIDDLEWARE ActualizarEventoSKU_Padre (Job Designs) 0.2.0
[INFO] ------------------------------------------------------------------------
[INFO] 
[INFO] --- maven-resources-plugin:2.7:resources (default-resources) @ ActualizarEventoSKU_Padre ---
[INFO] Using 'UTF-8' encoding to copy filtered resources.
[INFO] Copying 0 resource
[INFO] 
[INFO] --- maven-compiler-plugin:2.5.1:compile (default-compile) @ ActualizarEventoSKU_Padre ---
[INFO] Nothing to compile - all classes are up to date
[INFO] 
[INFO] --- maven-resources-plugin:2.7:copy-resources (copy-running-resources) @ ActualizarEventoSKU_Padre ---
[INFO] Using 'UTF-8' encoding to copy filtered resources.
[INFO] Copying 3 resources
[INFO] skip non existing resourceDirectory C:\BackSpace\Programas\TOS_DI-20180116_1512-V6.5.1\workspace\.Java\src\main\resources\metadata\survivorship
[INFO] 
[INFO] --- maven-resources-plugin:2.7:testResources (default-testResources) @ ActualizarEventoSKU_Padre ---
[INFO] Using 'UTF-8' encoding to copy filtered resources.
[INFO] Copying 0 resource
[INFO] 
[INFO] --- maven-compiler-plugin:2.5.1:testCompile (default-testCompile) @ ActualizarEventoSKU_Padre ---
[INFO] Nothing to compile - all classes are up to date
[INFO] 
[INFO] --- maven-surefire-plugin:2.12.4:test (default-test) @ ActualizarEventoSKU_Padre ---
[INFO] Tests are skipped.
[INFO] 
[INFO] --- maven-jar-plugin:2.6:jar (default-jar) @ ActualizarEventoSKU_Padre ---
[INFO] Building jar: C:\BackSpace\Programas\TOS_DI-20180116_1512-V6.5.1\workspace\.Java\target\actualizareventosku_padre_0_2.jar
[INFO] 
[INFO] --- maven-assembly-plugin:2.5.5:single (default) @ ActualizarEventoSKU_Padre ---
[INFO] Reading assembly descriptor: C:\BackSpace\Programas\TOS_DI-20180116_1512-V6.5.1\workspace\.Java/src/main/assemblies/assembly_ActualizarEventoSKU_Padre_0.2.xml
[WARNING] includeSubModules == false is incompatible with useAllReactorProjects. Ignoring.

To refactor, remove the <includeSubModules/> flag, and use the <includes/> and <excludes/> sections to fine-tune the modules included.
[WARNING] includeSubModules == false is incompatible with useAllReactorProjects. Ignoring.

To refactor, remove the <includeSubModules/> flag, and use the <includes/> and <excludes/> sections to fine-tune the modules included.
[WARNING] The following patterns were never triggered in this artifact inclusion filter:
o  '${pigudfs.binaries.includes.set}'

[INFO] Building zip: C:\BackSpace\Programas\TOS_DI-20180116_1512-V6.5.1\workspace\.Java\target\actualizareventosku_padre_0_2.zip
[INFO] ------------------------------------------------------------------------
[INFO] Reactor Summary:
[INFO] 
[INFO] FALABELLA___MIDDLEWARE Codes Master ............... SUCCESS [  0.003 s]
[INFO] FALABELLA___MIDDLEWARE Routines ................... SUCCESS [ 10.407 s]
[INFO] FALABELLA___MIDDLEWARE ActualizarEventoSKU_Hijo (Job Designs)  SUCCESS [  0.406 s]
[INFO] FALABELLA___MIDDLEWARE ActualizarEventoSKU_Padre (Job Designs)  SUCCESS [  5.330 s]
[INFO] ------------------------------------------------------------------------
[INFO] BUILD SUCCESS
[INFO] ------------------------------------------------------------------------
[INFO] Total time: 16.437 s
[INFO] Finished at: 2019-04-04T16:19:59-04:00
[INFO] Final Memory: 10M/223M
[INFO] ------------------------------------------------------------------------
